<?xml version="1.0" encoding="UTF-8"?>
<testng-results ignored="0" total="3" passed="3" failed="0" skipped="0">
  <reporter-output>
  </reporter-output>
  <suite started-at="2022-08-01T17:28:04 IST" name="Suite" finished-at="2022-08-01T17:28:20 IST" duration-ms="16359">
    <groups>
    </groups>
    <test started-at="2022-08-01T17:28:04 IST" name="Test" finished-at="2022-08-01T17:28:20 IST" duration-ms="16359">
      <class name="assignment.pom.registerdemo.RegistereDemoTestNG">
        <test-method signature="launchApplication()[pri:1, instance:assignment.pom.registerdemo.RegistereDemoTestNG@7e5afaa6]" started-at="2022-08-01T17:28:04 IST" name="launchApplication" finished-at="2022-08-01T17:28:11 IST" duration-ms="7517" status="PASS">
          <reporter-output>
          </reporter-output>
        </test-method> <!-- launchApplication -->
        <test-method signature="navigate()[pri:2, instance:assignment.pom.registerdemo.RegistereDemoTestNG@7e5afaa6]" started-at="2022-08-01T17:28:11 IST" name="navigate" finished-at="2022-08-01T17:28:14 IST" depends-on-methods="assignment.pom.registerdemo.RegistereDemoTestNG.launchApplication" duration-ms="2359" status="PASS">
          <reporter-output>
          </reporter-output>
        </test-method> <!-- navigate -->
        <test-method signature="registration()[pri:3, instance:assignment.pom.registerdemo.RegistereDemoTestNG@7e5afaa6]" started-at="2022-08-01T17:28:14 IST" name="registration" finished-at="2022-08-01T17:28:20 IST" depends-on-methods="assignment.pom.registerdemo.RegistereDemoTestNG.navigate" duration-ms="6412" status="PASS">
          <reporter-output>
          </reporter-output>
        </test-method> <!-- registration -->
      </class> <!-- assignment.pom.registerdemo.RegistereDemoTestNG -->
    </test> <!-- Test -->
  </suite> <!-- Suite -->
</testng-results>
