<?xml version="1.0" encoding="UTF-8"?>
<testng-results ignored="0" total="1" passed="1" failed="0" skipped="0">
  <reporter-output>
  </reporter-output>
  <suite started-at="2023-04-18T19:08:09 IST" name="Default suite" finished-at="2023-04-18T19:08:09 IST" duration-ms="80">
    <groups>
    </groups>
    <test started-at="2023-04-18T19:08:09 IST" name="Default test" finished-at="2023-04-18T19:08:09 IST" duration-ms="80">
      <class name="assignment.testng.listeners.ListenersHandson">
        <test-method signature="f()[pri:0, instance:assignment.testng.listeners.ListenersHandson@2a54a73f]" started-at="2023-04-18T19:08:09 IST" name="f" finished-at="2023-04-18T19:08:09 IST" duration-ms="14" status="PASS">
          <reporter-output>
          </reporter-output>
        </test-method> <!-- f -->
      </class> <!-- assignment.testng.listeners.ListenersHandson -->
    </test> <!-- Default test -->
  </suite> <!-- Default suite -->
</testng-results>
