<?xml version="1.0" encoding="UTF-8"?>
<!-- Generated by org.testng.reporters.JUnitXMLReporter -->
<testsuite ignored="0" hostname="DESKTOP-RVSID1U" failures="0" tests="3" name="Test" time="16.359" errors="0" timestamp="2022-08-01T17:28:20 IST">
  <testcase classname="assignment.pom.registerdemo.RegistereDemoTestNG" name="launchApplication" time="7.517"/>
  <testcase classname="assignment.pom.registerdemo.RegistereDemoTestNG" name="navigate" time="2.359"/>
  <testcase classname="assignment.pom.registerdemo.RegistereDemoTestNG" name="registration" time="6.412"/>
</testsuite> <!-- Test -->
